#
# There is insufficient memory for the Java Runtime Environment to continue.
# Native memory allocation (malloc) failed to allocate 106016 bytes for Chunk::new
# Possible reasons:
#   The system is out of physical RAM or swap space
#   The process is running with CompressedOops enabled, and the Java Heap may be blocking the growth of the native heap
# Possible solutions:
#   Reduce memory load on the system
#   Increase physical memory or swap space
#   Check if swap backing store is full
#   Decrease Java heap size (-Xmx/-Xms)
#   Decrease number of Java threads
#   Decrease Java thread stack sizes (-Xss)
#   Set larger code cache with -XX:ReservedCodeCacheSize=
#   JVM is running with Unscaled Compressed Oops mode in which the Java heap is
#     placed in the first 4GB address space. The Java Heap base address is the
#     maximum limit for the native heap growth. Please use -XX:HeapBaseMinAddress
#     to set the Java Heap base and to place the Java Heap above 4GB virtual address.
# This output file may be truncated or incomplete.
#
#  Out of Memory Error (t:/workspace/open/src/hotspot/share/memory/arena.cpp:198), pid=4740, tid=4660
#
# JRE version: Java(TM) SE Runtime Environment (10.0.2+13) (build 10.0.2+13)
# Java VM: Java HotSpot(TM) 64-Bit Server VM (10.0.2+13, mixed mode, tiered, compressed oops, g1 gc, windows-amd64)
# No core dump will be written. Minidumps are not enabled by default on client versions of Windows
#

---------------  S U M M A R Y ------------

Command Line: -javaagent:D:\IntelliJ IDEA Community Edition 2018.2.3\lib\idea_rt.jar=60809:D:\IntelliJ IDEA Community Edition 2018.2.3\bin -Dfile.encoding=UTF-8 com.intellij.uiDesigner.snapShooter.SnapShooter 47 60808 com.company.Main

Host: Intel(R) Pentium(R) CPU 2030M @ 2.50GHz, 2 cores, 3G,  Windows 7 , 64 bit Build 7601 (6.1.7601.18409)
Time: Sat Dec 22 15:17:58 2018 Oeieyiaey (ceia) elapsed time: 5 seconds (0d 0h 0m 5s)

---------------  T H R E A D  ---------------

Current thread (0x000000006262b000):  JavaThread "C2 CompilerThread0" daemon [_thread_in_native, id=4660, stack(0x0000000062ea0000,0x0000000062fa0000)]


Current CompileTask:
C2:   5869  581       4       jdk.internal.org.objectweb.asm.ByteVector::putUTF8 (142 bytes)

Stack: [0x0000000062ea0000,0x0000000062fa0000]
Native frames: (J=compiled Java code, j=interpreted, Vv=VM code, C=native code)
V  [jvm.dll+0x5a01a9]
V  [jvm.dll+0x6bcf31]
V  [jvm.dll+0x6be126]
V  [jvm.dll+0x6be7b3]
V  [jvm.dll+0x234978]
V  [jvm.dll+0xbb69c]
V  [jvm.dll+0xbbbac]
V  [jvm.dll+0x2a68e4]
V  [jvm.dll+0x4bf92a]
V  [jvm.dll+0x201949]
V  [jvm.dll+0x1ff0a1]
V  [jvm.dll+0x17c94b]
V  [jvm.dll+0x20c8dd]
V  [jvm.dll+0x20b6a6]
V  [jvm.dll+0x68b7ff]
V  [jvm.dll+0x59f4b0]
C  [msvcr120.dll+0x24f7f]
C  [msvcr120.dll+0x25126]
C  [kernel32.dll+0x159ed]
C  [ntdll.dll+0x2c541]


---------------  P R O C E S S  ---------------

Threads class SMR info:
_java_thread_list=0x0000000063664590, length=12, elements={
0x00000000000ed800, 0x0000000021945800, 0x0000000021946800, 0x0000000021956000,
0x000000006262a000, 0x000000006262b000, 0x000000006262d800, 0x0000000062635000,
0x000000006334e000, 0x000000006364a800, 0x000000006364d000, 0x0000000063665000
}

Java Threads: ( => current thread )
  0x00000000000ed800 JavaThread "main" [_thread_blocked, id=1332, stack(0x0000000002340000,0x0000000002440000)]
  0x0000000021945800 JavaThread "Reference Handler" daemon [_thread_blocked, id=6036, stack(0x0000000062b00000,0x0000000062c00000)]
  0x0000000021946800 JavaThread "Finalizer" daemon [_thread_blocked, id=2748, stack(0x0000000062c40000,0x0000000062d40000)]
  0x0000000021956000 JavaThread "Signal Dispatcher" daemon [_thread_blocked, id=6064, stack(0x00000000629d0000,0x0000000062ad0000)]
  0x000000006262a000 JavaThread "Attach Listener" daemon [_thread_blocked, id=724, stack(0x0000000062d90000,0x0000000062e90000)]
=>0x000000006262b000 JavaThread "C2 CompilerThread0" daemon [_thread_in_native, id=4660, stack(0x0000000062ea0000,0x0000000062fa0000)]
  0x000000006262d800 JavaThread "C1 CompilerThread1" daemon [_thread_blocked, id=5448, stack(0x0000000063030000,0x0000000063130000)]
  0x0000000062635000 JavaThread "Sweeper thread" daemon [_thread_blocked, id=3212, stack(0x00000000631a0000,0x00000000632a0000)]
  0x000000006334e000 JavaThread "Common-Cleaner" daemon [_thread_blocked, id=4624, stack(0x00000000637f0000,0x00000000638f0000)]
  0x000000006364a800 JavaThread "Monitor Ctrl-Break" daemon [_thread_in_native, id=4820, stack(0x00000000636c0000,0x00000000637c0000)]
  0x000000006364d000 JavaThread "Service Thread" daemon [_thread_blocked, id=4144, stack(0x0000000063900000,0x0000000063a00000)]
  0x0000000063665000 JavaThread "snapshooter" daemon [_thread_in_native, id=2728, stack(0x0000000063b90000,0x0000000063c90000)]

Other Threads:
  0x0000000021940000 VMThread "VM Thread" [stack: 0x0000000062810000,0x0000000062910000] [id=5116]
  0x0000000063661000 WatcherThread [stack: 0x0000000063cb0000,0x0000000063db0000] [id=860]
  0x0000000000105800 GCTaskThread "GC Thread#0" [stack: 0x000000001cc10000,0x000000001cd10000] [id=5228]
  0x0000000000107000 GCTaskThread "GC Thread#1" [stack: 0x000000001cf00000,0x000000001d000000] [id=2160]
  0x000000000013f800 ConcurrentGCThread "G1 Main Marker" [stack: 0x000000001f4e0000,0x000000001f5e0000] [id=4980]
  0x0000000000142800 ConcurrentGCThread "G1 Conc#0" [stack: 0x000000001f760000,0x000000001f860000] [id=5160]
  0x0000000000179800 ConcurrentGCThread "G1 Refine#0" [stack: 0x00000000219c0000,0x0000000021ac0000] [id=1236]
  0x0000000021870800 ConcurrentGCThread "G1 Refine#1" [stack: 0x0000000021ad0000,0x0000000021bd0000] [id=4228]
  0x000000000017b800 ConcurrentGCThread "G1 Young RemSet Sampling" [stack: 0x0000000021c70000,0x0000000021d70000] [id=5692]

Threads with active compile tasks:
C2 CompilerThread0 581       4       jdk.internal.org.objectweb.asm.ByteVector::putUTF8 (142 bytes)

VM state:at safepoint (normal execution)

VM Mutex/Monitor currently owned by a thread:  ([mutex/lock_event])
[0x00000000000ea180] Threads_lock - owner thread: 0x0000000021940000
[0x00000000000ea720] Heap_lock - owner thread: 0x00000000000ed800

Heap address: 0x00000000c6000000, size: 928 MB, Compressed Oops mode: 32-bit
Narrow klass base: 0x0000000000000000, Narrow klass shift: 0
Compressed class space size: 1073741824 Address: 0x0000000021d70000

Heap:
 garbage-first heap   total 59392K, used 8258K [0x00000000c6000000, 0x0000000100000000)
  region size 1024K, 1 young (1024K), 1 survivors (1024K)
 Metaspace       used 8163K, capacity 8298K, committed 8448K, reserved 1056768K
  class space    used 725K, capacity 768K, committed 768K, reserved 1048576K
Heap Regions: E=young(eden), S=young(survivor), O=old, HS=humongous(starts), HC=humongous(continues), CS=collection set, F=free, A=archive, TS=gc time stamp, AC=allocation context, TAMS=top-at-mark-start (previous, next)
|   0|0x00000000c6000000, 0x00000000c6100000, 0x00000000c6100000|100%|HS|  |TS  0|AC  0|TAMS 0x00000000c6000000, 0x00000000c6100000|
|   1|0x00000000c6100000, 0x00000000c6200000, 0x00000000c6200000|100%|HC|  |TS  0|AC  0|TAMS 0x00000000c6100000, 0x00000000c6200000|
|   2|0x00000000c6200000, 0x00000000c6300000, 0x00000000c6300000|100%|HC|  |TS  0|AC  0|TAMS 0x00000000c6200000, 0x00000000c6300000|
|   3|0x00000000c6300000, 0x00000000c6400000, 0x00000000c6400000|100%|HS|  |TS  0|AC  0|TAMS 0x00000000c6300000, 0x00000000c6400000|
|   4|0x00000000c6400000, 0x00000000c6500000, 0x00000000c6500000|100%| O|  |TS  1|AC  0|TAMS 0x00000000c6400000, 0x00000000c6500000|
|   5|0x00000000c6500000, 0x00000000c6600000, 0x00000000c6600000|100%| O|  |TS  1|AC  0|TAMS 0x00000000c6500000, 0x00000000c6600000|
|   6|0x00000000c6600000, 0x00000000c6700000, 0x00000000c6700000|100%| O|  |TS  2|AC  0|TAMS 0x00000000c6600000, 0x00000000c6700000|
|   7|0x00000000c6700000, 0x00000000c67eae00, 0x00000000c6800000| 91%| O|  |TS  2|AC  0|TAMS 0x00000000c6700000, 0x00000000c67eae00|
|   8|0x00000000c6800000, 0x00000000c6800000, 0x00000000c6900000|  0%| F|  |TS  0|AC  0|TAMS 0x00000000c6800000, 0x00000000c6800000|
|   9|0x00000000c6900000, 0x00000000c6900000, 0x00000000c6a00000|  0%| F|  |TS  0|AC  0|TAMS 0x00000000c6900000, 0x00000000c6900000|
|  10|0x00000000c6a00000, 0x00000000c6a00000, 0x00000000c6b00000|  0%| F|  |TS  0|AC  0|TAMS 0x00000000c6a00000, 0x00000000c6a00000|
|  11|0x00000000c6b00000, 0x00000000c6b00000, 0x00000000c6c00000|  0%| F|  |TS  0|AC  0|TAMS 0x00000000c6b00000, 0x00000000c6b00000|
|  12|0x00000000c6c00000, 0x00000000c6c00000, 0x00000000c6d00000|  0%| F|  |TS  0|AC  0|TAMS 0x00000000c6c00000, 0x00000000c6c00000|
|  13|0x00000000c6d00000, 0x00000000c6d00000, 0x00000000c6e00000|  0%| F|  |TS  0|AC  0|TAMS 0x00000000c6d00000, 0x00000000c6d00000|
|  14|0x00000000c6e00000, 0x00000000c6e00000, 0x00000000c6f00000|  0%| F|  |TS  0|AC  0|TAMS 0x00000000c6e00000, 0x00000000c6e00000|
|  15|0x00000000c6f00000, 0x00000000c6f00000, 0x00000000c7000000|  0%| F|  |TS  0|AC  0|TAMS 0x00000000c6f00000, 0x00000000c6f00000|
|  16|0x00000000c7000000, 0x00000000c7000000, 0x00000000c7100000|  0%| F|  |TS  0|AC  0|TAMS 0x00000000c7000000, 0x00000000c7000000|
|  17|0x00000000c7100000, 0x00000000c7100000, 0x00000000c7200000|  0%| F|  |TS  0|AC  0|TAMS 0x00000000c7100000, 0x00000000c7100000|
|  18|0x00000000c7200000, 0x00000000c7200000, 0x00000000c7300000|  0%| F|  |TS  0|AC  0|TAMS 0x00000000c7200000, 0x00000000c7200000|
|  19|0x00000000c7300000, 0x00000000c7300000, 0x00000000c7400000|  0%| F|  |TS  0|AC  0|TAMS 0x00000000c7300000, 0x00000000c7300000|
|  20|0x00000000c7400000, 0x00000000c7400000, 0x00000000c7500000|  0%| F|  |TS  0|AC  0|TAMS 0x00000000c7400000, 0x00000000c7400000|
|  21|0x00000000c7500000, 0x00000000c7500000, 0x00000000c7600000|  0%| F|  |TS  0|AC  0|TAMS 0x00000000c7500000, 0x00000000c7500000|
|  22|0x00000000c7600000, 0x00000000c7600000, 0x00000000c7700000|  0%| F|  |TS  0|AC  0|TAMS 0x00000000c7600000, 0x00000000c7600000|
|  23|0x00000000c7700000, 0x00000000c7700000, 0x00000000c7800000|  0%| F|  |TS  0|AC  0|TAMS 0x00000000c7700000, 0x00000000c7700000|
|  24|0x00000000c7800000, 0x00000000c7800000, 0x00000000c7900000|  0%| F|  |TS  0|AC  0|TAMS 0x00000000c7800000, 0x00000000c7800000|
|  25|0x00000000c7900000, 0x00000000c7900000, 0x00000000c7a00000|  0%| F|  |TS  0|AC  0|TAMS 0x00000000c7900000, 0x00000000c7900000|
|  26|0x00000000c7a00000, 0x00000000c7a00000, 0x00000000c7b00000|  0%| F|  |TS  0|AC  0|TAMS 0x00000000c7a00000, 0x00000000c7a00000|
|  27|0x00000000c7b00000, 0x00000000c7b00000, 0x00000000c7c00000|  0%| F|  |TS  0|AC  0|TAMS 0x00000000c7b00000, 0x00000000c7b00000|
|  28|0x00000000c7c00000, 0x00000000c7c00000, 0x00000000c7d00000|  0%| F|  |TS  0|AC  0|TAMS 0x00000000c7c00000, 0x00000000c7c00000|
|  29|0x00000000c7d00000, 0x00000000c7d00000, 0x00000000c7e00000|  0%| F|  |TS  0|AC  0|TAMS 0x00000000c7d00000, 0x00000000c7d00000|
|  30|0x00000000c7e00000, 0x00000000c7e00000, 0x00000000c7f00000|  0%| F|  |TS  0|AC  0|TAMS 0x00000000c7e00000, 0x00000000c7e00000|
|  31|0x00000000c7f00000, 0x00000000c7f00000, 0x00000000c8000000|  0%| F|  |TS  0|AC  0|TAMS 0x00000000c7f00000, 0x00000000c7f00000|
|  32|0x00000000c8000000, 0x00000000c8000000, 0x00000000c8100000|  0%| F|  |TS  0|AC  0|TAMS 0x00000000c8000000, 0x00000000c8000000|
|  33|0x00000000c8100000, 0x00000000c8100000, 0x00000000c8200000|  0%| F|  |TS  0|AC  0|TAMS 0x00000000c8100000, 0x00000000c8100000|
|  34|0x00000000c8200000, 0x00000000c8200000, 0x00000000c8300000|  0%| F|  |TS  0|AC  0|TAMS 0x00000000c8200000, 0x00000000c8200000|
|  35|0x00000000c8300000, 0x00000000c8300000, 0x00000000c8400000|  0%| F|  |TS  0|AC  0|TAMS 0x00000000c8300000, 0x00000000c8300000|
|  36|0x00000000c8400000, 0x00000000c8400000, 0x00000000c8500000|  0%| F|  |TS  0|AC  0|TAMS 0x00000000c8400000, 0x00000000c8400000|
|  37|0x00000000c8500000, 0x00000000c8500000, 0x00000000c8600000|  0%| F|  |TS  0|AC  0|TAMS 0x00000000c8500000, 0x00000000c8500000|
|  38|0x00000000c8600000, 0x00000000c8600000, 0x00000000c8700000|  0%| F|  |TS  0|AC  0|TAMS 0x00000000c8600000, 0x00000000c8600000|
|  39|0x00000000c8700000, 0x00000000c8700000, 0x00000000c8800000|  0%| F|  |TS  0|AC  0|TAMS 0x00000000c8700000, 0x00000000c8700000|
|  40|0x00000000c8800000, 0x00000000c8800000, 0x00000000c8900000|  0%| F|  |TS  0|AC  0|TAMS 0x00000000c8800000, 0x00000000c8800000|
|  41|0x00000000c8900000, 0x00000000c8900000, 0x00000000c8a00000|  0%| F|  |TS  0|AC  0|TAMS 0x00000000c8900000, 0x00000000c8900000|
|  42|0x00000000c8a00000, 0x00000000c8a00000, 0x00000000c8b00000|  0%| F|  |TS  0|AC  0|TAMS 0x00000000c8a00000, 0x00000000c8a00000|
|  43|0x00000000c8b00000, 0x00000000c8b00000, 0x00000000c8c00000|  0%| F|  |TS  0|AC  0|TAMS 0x00000000c8b00000, 0x00000000c8b00000|
|  44|0x00000000c8c00000, 0x00000000c8c00000, 0x00000000c8d00000|  0%| F|  |TS  0|AC  0|TAMS 0x00000000c8c00000, 0x00000000c8c00000|
|  45|0x00000000c8d00000, 0x00000000c8d00000, 0x00000000c8e00000|  0%| F|  |TS  0|AC  0|TAMS 0x00000000c8d00000, 0x00000000c8d00000|
|  46|0x00000000c8e00000, 0x00000000c8e00000, 0x00000000c8f00000|  0%| F|  |TS  0|AC  0|TAMS 0x00000000c8e00000, 0x00000000c8e00000|
|  47|0x00000000c8f00000, 0x00000000c8f00000, 0x00000000c9000000|  0%| F|  |TS  0|AC  0|TAMS 0x00000000c8f00000, 0x00000000c8f00000|
|  48|0x00000000c9000000, 0x00000000c9000000, 0x00000000c9100000|  0%| F|  |TS  0|AC  0|TAMS 0x00000000c9000000, 0x00000000c9000000|
|  49|0x00000000c9100000, 0x00000000c9100000, 0x00000000c9200000|  0%| F|  |TS  0|AC  0|TAMS 0x00000000c9100000, 0x00000000c9100000|
|  50|0x00000000c9200000, 0x00000000c9200000, 0x00000000c9300000|  0%| F|  |TS  2|AC  0|TAMS 0x00000000c9200000, 0x00000000c9200000|
|  51|0x00000000c9300000, 0x00000000c9300000, 0x00000000c9400000|  0%| F|  |TS  1|AC  0|TAMS 0x00000000c9300000, 0x00000000c9300000|
|  52|0x00000000c9400000, 0x00000000c9400000, 0x00000000c9500000|  0%| F|  |TS  1|AC  0|TAMS 0x00000000c9400000, 0x00000000c9400000|
|  53|0x00000000c9500000, 0x00000000c9500000, 0x00000000c9600000|  0%| F|  |TS  1|AC  0|TAMS 0x00000000c9500000, 0x00000000c9500000|
|  54|0x00000000c9600000, 0x00000000c9600000, 0x00000000c9700000|  0%| F|  |TS  1|AC  0|TAMS 0x00000000c9600000, 0x00000000c9600000|
|  55|0x00000000c9700000, 0x00000000c9700000, 0x00000000c9800000|  0%| F|  |TS  1|AC  0|TAMS 0x00000000c9700000, 0x00000000c9700000|
|  56|0x00000000c9800000, 0x00000000c9825a90, 0x00000000c9900000| 14%| S|CS|TS  2|AC  0|TAMS 0x00000000c9800000, 0x00000000c9800000|
|  57|0x00000000c9900000, 0x00000000c9900000, 0x00000000c9a00000|  0%| F|  |TS  2|AC  0|TAMS 0x00000000c9900000, 0x00000000c9900000|

Card table byte_map: [0x000000001d2e0000,0x000000001d4b0000] byte_map_base: 0x000000001ccb0000

Marking Bits (Prev, Next): (CMBitMap*) 0x000000000013e890, (CMBitMap*) 0x000000000013e8c8
 Prev Bits: [0x000000001d680000, 0x000000001e500000)
 Next Bits: [0x000000001e500000, 0x000000001f380000)

Polling page: 0x0000000000180000

CodeHeap 'non-profiled nmethods': size=120064Kb used=164Kb max_used=164Kb free=119899Kb
 bounds [0x0000000015630000, 0x00000000158a0000, 0x000000001cb70000]
CodeHeap 'profiled nmethods': size=120000Kb used=829Kb max_used=829Kb free=119171Kb
 bounds [0x000000000e100000, 0x000000000e370000, 0x0000000015630000]
CodeHeap 'non-nmethods': size=5696Kb used=1039Kb max_used=1051Kb free=4656Kb
 bounds [0x000000000db70000, 0x000000000dde0000, 0x000000000e100000]
 total_blobs=1077 nmethods=582 adapters=262
 compilation: enabled

Compilation events (10 events):
Event: 5.809 Thread 0x000000006262d800 nmethod 577 0x000000000e1cc210 code [0x000000000e1cc560, 0x000000000e1cdc78]
Event: 5.814 Thread 0x000000006262d800  579       3       java.lang.invoke.LambdaForm::uncustomize (57 bytes)
Event: 5.814 Thread 0x000000006262d800 nmethod 579 0x000000000e1ce390 code [0x000000000e1ce560, 0x000000000e1ce8a8]
Event: 5.852 Thread 0x000000006262b000  580       4       java.lang.String::equals (65 bytes)
Event: 5.855 Thread 0x000000006262b000 nmethod 580 0x0000000015658f10 code [0x00000000156590a0, 0x00000000156592d8]
Event: 5.859 Thread 0x000000006262b000  581       4       jdk.internal.org.objectweb.asm.ByteVector::putUTF8 (142 bytes)
Event: 5.862 Thread 0x000000006262d800  582       3       java.lang.invoke.MemberName::getName (25 bytes)
Event: 5.862 Thread 0x000000006262d800 nmethod 582 0x000000000e1ce990 code [0x000000000e1ceb60, 0x000000000e1cef28]
Event: 5.863 Thread 0x000000006262d800  583       3       java.lang.Object::equals (11 bytes)
Event: 5.863 Thread 0x000000006262d800 nmethod 583 0x000000000e1cf010 code [0x000000000e1cf1c0, 0x000000000e1cf370]

GC Heap History (3 events):
Event: 5.599 GC heap before
{Heap before GC invocations=0 (full 0):
 garbage-first heap   total 59392K, used 11264K [0x00000000c6000000, 0x0000000100000000)
  region size 1024K, 7 young (7168K), 0 survivors (0K)
 Metaspace       used 7566K, capacity 7704K, committed 7936K, reserved 1056768K
  class space    used 655K, capacity 716K, committed 768K, reserved 1048576K
}
Event: 5.604 GC heap after
{Heap after GC invocations=1 (full 0):
 garbage-first heap   total 59392K, used 8063K [0x00000000c6000000, 0x0000000100000000)
  region size 1024K, 1 young (1024K), 1 survivors (1024K)
 Metaspace       used 7566K, capacity 7704K, committed 7936K, reserved 1056768K
  class space    used 655K, capacity 716K, committed 768K, reserved 1048576K
}
Event: 5.864 GC heap before
{Heap before GC invocations=1 (full 0):
 garbage-first heap   total 59392K, used 8063K [0x00000000c6000000, 0x0000000100000000)
  region size 1024K, 2 young (2048K), 1 survivors (1024K)
 Metaspace       used 8163K, capacity 8298K, committed 8448K, reserved 1056768K
  class space    used 725K, capacity 768K, committed 768K, reserved 1048576K
}

Deoptimization events (5 events):
Event: 1.513 Thread 0x00000000000ed800 Uncommon trap: reason=unstable_if action=reinterpret pc=0x000000001563fda8 method=java.lang.String.equals(Ljava/lang/Object;)Z @ 34 c2
Event: 5.468 Thread 0x00000000000ed800 Uncommon trap: reason=bimorphic_or_optimized_type_check action=maybe_recompile pc=0x000000001564f878 method=java.util.HashMap.getNode(ILjava/lang/Object;)Ljava/util/HashMap$Node; @ 126 c2
Event: 5.468 Thread 0x00000000000ed800 Uncommon trap: reason=bimorphic_or_optimized_type_check action=maybe_recompile pc=0x000000001564f878 method=java.util.HashMap.getNode(ILjava/lang/Object;)Ljava/util/HashMap$Node; @ 126 c2
Event: 5.468 Thread 0x00000000000ed800 Uncommon trap: reason=bimorphic_or_optimized_type_check action=maybe_recompile pc=0x000000001564f86c method=java.util.HashMap.getNode(ILjava/lang/Object;)Ljava/util/HashMap$Node; @ 59 c2
Event: 5.468 Thread 0x00000000000ed800 Uncommon trap: reason=bimorphic_or_optimized_type_check action=maybe_recompile pc=0x000000001564f86c method=java.util.HashMap.getNode(ILjava/lang/Object;)Ljava/util/HashMap$Node; @ 59 c2

Classes redefined (0 events):
No events

Internal exceptions (3 events):
Event: 5.218 Thread 0x00000000000ed800 Exception <a 'java/lang/NoSuchMethodError'{0x00000000c9330758}: method resolution failed> (0x00000000c9330758) thrown at [t:/workspace/open/src/hotspot/share/prims/methodHandles.cpp, line 1226]
Event: 5.224 Thread 0x00000000000ed800 Exception <a 'java/lang/NoSuchMethodError'{0x00000000c933cd60}: java.lang.invoke.DirectMethodHandle$Holder.invokeStatic(Ljava/lang/Object;Ljava/lang/Object;)I> (0x00000000c933cd60) thrown at [t:/workspace/open/src/hotspot/share/interpreter/linkResolver.cp
Event: 5.229 Thread 0x00000000000ed800 Exception <a 'java/lang/NoSuchMethodError'{0x00000000c934a118}: java.lang.Object.of([Ljava/lang/Object;)Ljava/util/stream/Stream;> (0x00000000c934a118) thrown at [t:/workspace/open/src/hotspot/share/interpreter/linkResolver.cpp, line 741]

Events (10 events):
Event: 5.856 loading class java/util/ArrayList$ArrayListSpliterator done
Event: 5.861 loading class java/util/stream/FindOps
Event: 5.861 loading class java/util/stream/FindOps done
Event: 5.861 loading class java/util/stream/FindOps$FindSink$OfRef
Event: 5.861 loading class java/util/stream/FindOps$FindSink
Event: 5.861 loading class java/util/stream/FindOps$FindSink done
Event: 5.861 loading class java/util/stream/FindOps$FindSink$OfRef done
Event: 5.861 loading class java/util/stream/FindOps$FindOp
Event: 5.861 loading class java/util/stream/FindOps$FindOp done
Event: 5.864 Executing VM operation: CollectForMetadataAllocation


Dynamic libraries:
0x000000013fd30000 - 0x000000013fd6e000 	C:\Program Files\Java\jdk-10.0.2\bin\java.exe
0x0000000077510000 - 0x00000000776b9000 	C:\Windows\SYSTEM32\ntdll.dll
0x00000000773f0000 - 0x000000007750f000 	C:\Windows\system32\kernel32.dll
0x000007fefd5b0000 - 0x000007fefd61c000 	C:\Windows\system32\KERNELBASE.dll
0x000007feff370000 - 0x000007feff44b000 	C:\Windows\system32\ADVAPI32.dll
0x000007feff270000 - 0x000007feff30f000 	C:\Windows\system32\msvcrt.dll
0x000007fefd780000 - 0x000007fefd79f000 	C:\Windows\SYSTEM32\sechost.dll
0x000007fefee90000 - 0x000007fefefbd000 	C:\Windows\system32\RPCRT4.dll
0x00000000772f0000 - 0x00000000773ea000 	C:\Windows\system32\USER32.dll
0x000007fefe7f0000 - 0x000007fefe857000 	C:\Windows\system32\GDI32.dll
0x000007feff7c0000 - 0x000007feff7ce000 	C:\Windows\system32\LPK.dll
0x000007fefea80000 - 0x000007fefeb49000 	C:\Windows\system32\USP10.dll
0x000007fefbd50000 - 0x000007fefbf44000 	C:\Windows\WinSxS\amd64_microsoft.windows.common-controls_6595b64144ccf1df_6.0.7601.17514_none_fa396087175ac9ac\COMCTL32.dll
0x000007fefd700000 - 0x000007fefd771000 	C:\Windows\system32\SHLWAPI.dll
0x000007fefc3e0000 - 0x000007fefc3ec000 	C:\Windows\system32\VERSION.dll
0x000007feff790000 - 0x000007feff7be000 	C:\Windows\system32\IMM32.DLL
0x000007feff680000 - 0x000007feff789000 	C:\Windows\system32\MSCTF.dll
0x000007fefd240000 - 0x000007fefd26f000 	C:\Windows\system32\nvinitx.dll
0x000007fef0500000 - 0x000007fef05ef000 	C:\Program Files\Java\jdk-10.0.2\bin\msvcr120.dll
0x000007fef0130000 - 0x000007fef01d6000 	C:\Program Files\Java\jdk-10.0.2\bin\msvcp120.dll
0x00000000681a0000 - 0x0000000068c10000 	C:\Program Files\Java\jdk-10.0.2\bin\server\jvm.dll
0x000007fefbaa0000 - 0x000007fefbaa9000 	C:\Windows\system32\WSOCK32.dll
0x000007feff7d0000 - 0x000007feff81d000 	C:\Windows\system32\WS2_32.dll
0x000007fefd6f0000 - 0x000007fefd6f8000 	C:\Windows\system32\NSI.dll
0x000007fefb520000 - 0x000007fefb55b000 	C:\Windows\system32\WINMM.dll
0x00000000776d0000 - 0x00000000776d7000 	C:\Windows\system32\PSAPI.DLL
0x000007fefb070000 - 0x000007fefb07f000 	C:\Program Files\Java\jdk-10.0.2\bin\verify.dll
0x000007fef2170000 - 0x000007fef2295000 	C:\Windows\system32\DBGHELP.DLL
0x000007fef22d0000 - 0x000007fef22f7000 	C:\Program Files\Java\jdk-10.0.2\bin\java.dll
0x000007fef22a0000 - 0x000007fef22ca000 	C:\Program Files\Java\jdk-10.0.2\bin\instrument.dll
0x000007fef2fd0000 - 0x000007fef2fe6000 	C:\Program Files\Java\jdk-10.0.2\bin\zip.dll
0x000007fef4ef0000 - 0x000007fef4efa000 	C:\Program Files\Java\jdk-10.0.2\bin\jimage.dll
0x000007fefd820000 - 0x000007fefe5a8000 	C:\Windows\system32\SHELL32.dll
0x000007feff470000 - 0x000007feff673000 	C:\Windows\system32\ole32.dll
0x000007fefd2b0000 - 0x000007fefd2bf000 	C:\Windows\system32\profapi.dll
0x000007fef1fe0000 - 0x000007fef1ffa000 	C:\Program Files\Java\jdk-10.0.2\bin\net.dll
0x000007fef7060000 - 0x000007fef70d1000 	C:\Windows\system32\WINHTTP.dll
0x000007fef6ff0000 - 0x000007fef7054000 	C:\Windows\system32\webio.dll
0x000007fefcab0000 - 0x000007fefcb05000 	C:\Windows\system32\mswsock.dll
0x000007fefcaa0000 - 0x000007fefcaa7000 	C:\Windows\System32\wship6.dll
0x000007fef1b10000 - 0x000007fef1b21000 	C:\Program Files\Java\jdk-10.0.2\bin\nio.dll
0x000007fef1af0000 - 0x000007fef1b0a000 	D:\IntelliJ IDEA Community Edition 2018.2.3\bin\breakgen64.dll
0x000007fefb690000 - 0x000007fefb6a5000 	C:\Windows\system32\NLAapi.dll
0x000007fef3de0000 - 0x000007fef3df5000 	C:\Windows\system32\napinsp.dll
0x000007fef3d50000 - 0x000007fef3d69000 	C:\Windows\system32\pnrpnsp.dll
0x000007fefc930000 - 0x000007fefc98b000 	C:\Windows\system32\DNSAPI.dll
0x000007fef3d40000 - 0x000007fef3d4b000 	C:\Windows\System32\winrnr.dll
0x000007fef3d30000 - 0x000007fef3d40000 	C:\Windows\system32\wshbth.dll
0x000007fefc4b0000 - 0x000007fefc4b7000 	C:\Windows\System32\wshtcpip.dll
0x000007fefb260000 - 0x000007fefb287000 	C:\Windows\system32\IPHLPAPI.DLL
0x000007fefb250000 - 0x000007fefb25b000 	C:\Windows\system32\WINNSI.DLL
0x000007fefaab0000 - 0x000007fefaab8000 	C:\Windows\system32\rasadhlp.dll
0x000007fefa780000 - 0x000007fefa7d3000 	C:\Windows\System32\fwpuclnt.dll

dbghelp: loaded successfully - version: 4.0.5 - missing functions: none
symbol engine: initialized successfully - sym options: 0x614 - pdb path: .;C:\Program Files\Java\jdk-10.0.2\bin;C:\Windows\SYSTEM32;C:\Windows\WinSxS\amd64_microsoft.windows.common-controls_6595b64144ccf1df_6.0.7601.17514_none_fa396087175ac9ac;C:\Program Files\Java\jdk-10.0.2\bin\server;D:\IntelliJ IDEA Community Edition 2018.2.3\bin

VM Arguments:
jvm_args: -javaagent:D:\IntelliJ IDEA Community Edition 2018.2.3\lib\idea_rt.jar=60809:D:\IntelliJ IDEA Community Edition 2018.2.3\bin -Dfile.encoding=UTF-8 
java_command: com.intellij.uiDesigner.snapShooter.SnapShooter 47 60808 com.company.Main
java_class_path (initial): D:\IntelliJ IDEA Community Edition 2018.2.3\plugins\uiDesigner\lib\uiDesigner.jar;D:\IntelliJ IDEA Community Edition 2018.2.3\lib\util.jar;D:\IntelliJ IDEA Community Edition 2018.2.3\lib\trove4j.jar;D:\IntelliJ IDEA Community Edition 2018.2.3\lib\resources_en.jar;D:\IntelliJ IDEA Community Edition 2018.2.3\lib\platform-impl.jar;D:\IntelliJ IDEA Community Edition 2018.2.3\lib\platform-api.jar;D:\IntelliJ IDEA Community Edition 2018.2.3\lib\oro-2.0.8.jar;D:\IntelliJ IDEA Community Edition 2018.2.3\lib\lz4-1.3.0.jar;D:\IntelliJ IDEA Community Edition 2018.2.3\lib\log4j.jar;D:\IntelliJ IDEA Community Edition 2018.2.3\lib\jna.jar;D:\IntelliJ IDEA Community Edition 2018.2.3\lib\jna-platform.jar;D:\IntelliJ IDEA Community Edition 2018.2.3\lib\jdom.jar;D:\IntelliJ IDEA Community Edition 2018.2.3\lib\javac2.jar;D:\IntelliJ IDEA Community Edition 2018.2.3\lib\forms_rt.jar;D:\IntelliJ IDEA Community Edition 2018.2.3\lib\forms-1.1-preview.jar;D:\IntelliJ IDEA Community Edition 2018.2.3\lib\extensions.jar;D:\IntelliJ IDEA Community Edition 2018.2.3\lib\annotations.jar;C:\Users\Администратор\Desktop\Crypto\target\classes;C:\Users\Администратор\.m2\repository\org\json\json\20180813\json-20180813.jar;C:\Users\Администратор\.m2\repository\com\squareup\okhttp\okhttp\2.7.5\okhttp-2.7.5.jar;C:\Users\Администратор\.m2\repository\com\squareup\okio\okio\1.6.0\okio-1.6.0.jar;C:\Users\Администратор\.m2\repository\mysql\mysql-connector-java\5.1.31\mysql-connector-java-5.1.31.jar;C:\Users\Администратор\.m2\repository\com\google\code\gson\gson\2.8.5\gson-2.8.5.jar;C:\Users\Администратор\.m2\repository\org\mongodb\mongo-java-driver\3.6.4\mongo-java-driver-3.6.4.jar;C:\Users\Администратор\.m2\repository\org\telegram\telegrambots\4.1\telegrambots-4.1.jar;C:\Users\Администратор\.m2\repository\org\telegram\telegrambots-meta\4.1\telegrambots-meta-4.1.jar;C:\Users\Администратор\.m2\repository\com\google\inject\guice\4.1.0\guice-4.1.0.jar;C:\Users\Администратор\.m2\reposit
Launcher Type: SUN_STANDARD

Logging:
Log output configuration:
#0: stdout all=warning uptime,level,tags
#1: stderr all=off uptime,level,tags

Environment Variables:
PATH=C:\Program Files (x86)\Common Files\Oracle\Java\javapath;C:\Program Files (x86)\NVIDIA Corporation\PhysX\Common;C:\ProgramData\Oracle\Java\javapath;C:\Windows\system32;C:\Windows;C:\Windows\System32\Wbem;C:\Windows\System32\WindowsPowerShell\v1.0\;C:\Users\Администратор\AppData\Local\Programs\Microsoft VS Code\bin;C:\Users\Администратор\AppData\Local\GitHubDesktop\bin;.;;.;
USERNAME=Администратор
OS=Windows_NT
PROCESSOR_IDENTIFIER=Intel64 Family 6 Model 58 Stepping 9, GenuineIntel



---------------  S Y S T E M  ---------------

OS: Windows 7 , 64 bit Build 7601 (6.1.7601.18409)

CPU:total 2 (initial active 2) (2 cores per cpu, 1 threads per core) family 6 model 58 stepping 9, cmov, cx8, fxsr, mmx, sse, sse2, sse3, ssse3, sse4.1, sse4.2, popcnt, clmul, erms, tsc, tscinvbit, tscinv

Memory: 4k page, physical 3798084k(687620k free), swap 4844796k(160448k free)

vm_info: Java HotSpot(TM) 64-Bit Server VM (10.0.2+13) for windows-amd64 JRE (10.0.2+13), built on Jun 28 2018 01:57:56 by "mach5one" with MS VC++ 12.0 (VS2013)

END.
